<?xml version="1.0" encoding="UTF-8"?>
<!-- Generated by org.testng.reporters.JUnitXMLReporter -->
<testsuite ignored="0" hostname="DEDDFK5H2" failures="2" tests="2" name="Add a new Employee" time="1.996" errors="0" timestamp="08 Mar 2021 20:41:43 GMT">
  <testcase classname="tests.test_PIM_Add_Employee" name="TestUser" time="0.003">
    <failure type="java.lang.NullPointerException">
      <![CDATA[java.lang.NullPointerException
at tests.test_PIM_Add_Employee.TestUser(test_PIM_Add_Employee.java:51)
at java.base/java.util.concurrent.ThreadPoolExecutor.runWorker(ThreadPoolExecutor.java:1128)
at java.base/java.util.concurrent.ThreadPoolExecutor$Worker.run(ThreadPoolExecutor.java:628)
at java.base/java.lang.Thread.run(Thread.java:830)
... Removed 10 stack frames]]>
    </failure>
  </testcase> <!-- TestUser -->
  <testcase classname="tests.test_PIM_Add_Employee" name="TestUser" time="1.988">
    <failure type="org.testng.internal.reflect.MethodMatcherException" message="
Data provider mismatch
Method: TestUser([Parameter{index=0, type=[[Ljava.lang.String;, declaredAnnotations=[]}])
Arguments: [(java.lang.String) Carlos,(java.lang.String) Alejandro,(java.lang.String) Lopez,(java.lang.String) Clopez,(java.lang.String) alex123]">
      <![CDATA[org.testng.internal.reflect.MethodMatcherException: 
Data provider mismatch
Method: TestUser([Parameter{index=0, type=[[Ljava.lang.String;, declaredAnnotations=[]}])
Arguments: [(java.lang.String) Carlos,(java.lang.String) Alejandro,(java.lang.String) Lopez,(java.lang.String) Clopez,(java.lang.String) alex123]
at java.base/java.util.concurrent.ThreadPoolExecutor.runWorker(ThreadPoolExecutor.java:1128)
at java.base/java.util.concurrent.ThreadPoolExecutor$Worker.run(ThreadPoolExecutor.java:628)
at java.base/java.lang.Thread.run(Thread.java:830)
... Removed 5 stack frames]]>
    </failure>
  </testcase> <!-- TestUser -->
</testsuite> <!-- Add a new Employee -->
