<?xml version="1.0" encoding="UTF-8"?>
<!-- Generated by org.testng.reporters.JUnitXMLReporter -->
<testsuite ignored="0" hostname="DEDDFK5H2" failures="0" tests="5" name="Invalid Login Scenarios" time="8.272" errors="0" timestamp="13 Feb 2021 18:33:46 GMT">
  <testcase classname="tests.test_Login_Invalid" name="no_UsernameTest" time="0.517"/>
  <testcase classname="tests.test_Login_Invalid" name="invalid_UsernameTest" time="1.047"/>
  <testcase classname="tests.test_Login_Invalid" name="no_PasswordTest" time="0.399"/>
  <testcase classname="tests.test_Login_Invalid" name="invalid_PasswordTest" time="0.783"/>
  <testcase classname="tests.test_Login_Invalid" name="forgot_PasswordSubmitTest" time="0.945"/>
</testsuite> <!-- Invalid Login Scenarios -->
