<?xml version="1.0" encoding="UTF-8"?>
<!-- Generated by org.testng.reporters.JUnitXMLReporter -->
<testsuite ignored="0" hostname="DEDDFK5H2" failures="0" tests="2" name="Login - Mozilla Firefox Execution" time="18.042" errors="0" timestamp="08 Mar 2021 20:43:35 GMT">
  <testcase classname="tests.test_Login_Valid" name="validResetPasswordTest" time="1.568"/>
  <testcase classname="tests.test_Login_Valid" name="validLoginTest" time="2.694"/>
</testsuite> <!-- Login - Mozilla Firefox Execution -->
