<?xml version="1.0" encoding="UTF-8"?>
<!-- Generated by org.testng.reporters.JUnitXMLReporter -->
<testsuite ignored="0" hostname="DEDDFK5H2" failures="0" tests="2" name="Login - Mozilla Firefox Execution" time="21.615" errors="0" timestamp="19 Feb 2021 19:05:24 GMT">
  <testcase classname="tests.test_Login_Valid" name="validResetPasswordTest" time="1.655"/>
  <testcase classname="tests.test_Login_Valid" name="validLoginTest" time="2.246"/>
</testsuite> <!-- Login - Mozilla Firefox Execution -->
