<?xml version="1.0" encoding="UTF-8"?>
<!-- Generated by org.testng.reporters.JUnitXMLReporter -->
<testsuite ignored="0" hostname="DEDDFK5H2" failures="0" tests="6" name="Test2" time="16.791" errors="0" timestamp="31 Dec 2020 18:17:13 GMT">
  <testcase classname="tests.test_Login_Invalid" name="no_UsernameTest" time="3.702"/>
  <testcase classname="tests.test_Login_Invalid" name="invalid_UsernameTest" time="1.157"/>
  <testcase classname="tests.test_Login_Invalid" name="no_PasswordTest" time="0.425"/>
  <testcase classname="tests.test_Login_Invalid" name="invalid_PasswordTest" time="1.007"/>
  <testcase classname="tests.test_Login_Invalid" name="forgot_PasswordSubmitTest" time="1.057"/>
  <testcase classname="tests.test_Login_Invalid" name="forgot_PasswordCancelTest" time="0.612"/>
</testsuite> <!-- Test2 -->
