<?xml version="1.0" encoding="UTF-8"?>
<!-- Generated by org.testng.reporters.JUnitXMLReporter -->
<testsuite ignored="0" hostname="DEDDFK5H2" failures="0" tests="6" name="Test2" time="18.217" errors="0" timestamp="31 Dec 2020 23:12:40 GMT">
  <testcase classname="tests.test_Login_Invalid" name="no_UsernameTest" time="3.523"/>
  <testcase classname="tests.test_Login_Invalid" name="invalid_UsernameTest" time="1.067"/>
  <testcase classname="tests.test_Login_Invalid" name="no_PasswordTest" time="0.412"/>
  <testcase classname="tests.test_Login_Invalid" name="invalid_PasswordTest" time="0.937"/>
  <testcase classname="tests.test_Login_Invalid" name="forgot_PasswordSubmitTest" time="1.134"/>
  <testcase classname="tests.test_Login_Invalid" name="forgot_PasswordCancelTest" time="0.583"/>
</testsuite> <!-- Test2 -->
