<?xml version="1.0" encoding="UTF-8"?>
<testng-results ignored="0" total="8" passed="8" failed="0" skipped="0">
  <reporter-output>
  </reporter-output>
  <suite started-at="2020-12-31T18:16:40Z" name="Tests_Login" finished-at="2020-12-31T18:17:13Z" duration-ms="33424">
    <groups>
    </groups>
    <test started-at="2020-12-31T18:16:40Z" name="Test1" finished-at="2020-12-31T18:16:57Z" duration-ms="16575">
      <class name="tests.test_Login_Valid">
        <test-method is-config="true" signature="setUp()[pri:0, instance:tests.test_Login_Valid@2aa5fe93]" started-at="2020-12-31T18:16:40Z" name="setUp" finished-at="2020-12-31T18:16:50Z" duration-ms="9946" status="PASS">
          <reporter-output>
          </reporter-output>
        </test-method> <!-- setUp -->
        <test-method signature="validResetPasswordTest()[pri:0, instance:tests.test_Login_Valid@2aa5fe93]" started-at="2020-12-31T18:16:50Z" name="validResetPasswordTest" finished-at="2020-12-31T18:16:52Z" duration-ms="1929" status="PASS">
          <reporter-output>
          </reporter-output>
        </test-method> <!-- validResetPasswordTest -->
        <test-method signature="validLoginTest()[pri:1, instance:tests.test_Login_Valid@2aa5fe93]" started-at="2020-12-31T18:16:52Z" name="validLoginTest" finished-at="2020-12-31T18:16:56Z" duration-ms="3746" status="PASS">
          <reporter-output>
          </reporter-output>
        </test-method> <!-- validLoginTest -->
        <test-method is-config="true" signature="TearDown()[pri:0, instance:tests.test_Login_Valid@2aa5fe93]" started-at="2020-12-31T18:16:56Z" name="TearDown" finished-at="2020-12-31T18:16:57Z" duration-ms="875" status="PASS">
          <reporter-output>
          </reporter-output>
        </test-method> <!-- TearDown -->
      </class> <!-- tests.test_Login_Valid -->
    </test> <!-- Test1 -->
    <test started-at="2020-12-31T18:16:57Z" name="Test2" finished-at="2020-12-31T18:17:13Z" duration-ms="16791">
      <class name="tests.test_Login_Invalid">
        <test-method is-config="true" signature="setUp()[pri:0, instance:tests.test_Login_Invalid@13c10b87]" started-at="2020-12-31T18:16:57Z" name="setUp" finished-at="2020-12-31T18:17:04Z" duration-ms="7886" status="PASS">
          <reporter-output>
          </reporter-output>
        </test-method> <!-- setUp -->
        <test-method signature="no_UsernameTest()[pri:0, instance:tests.test_Login_Invalid@13c10b87]" started-at="2020-12-31T18:17:05Z" name="no_UsernameTest" finished-at="2020-12-31T18:17:08Z" duration-ms="3702" status="PASS">
          <reporter-output>
          </reporter-output>
        </test-method> <!-- no_UsernameTest -->
        <test-method signature="invalid_UsernameTest()[pri:1, instance:tests.test_Login_Invalid@13c10b87]" started-at="2020-12-31T18:17:08Z" name="invalid_UsernameTest" finished-at="2020-12-31T18:17:09Z" duration-ms="1157" status="PASS">
          <reporter-output>
          </reporter-output>
        </test-method> <!-- invalid_UsernameTest -->
        <test-method signature="no_PasswordTest()[pri:2, instance:tests.test_Login_Invalid@13c10b87]" started-at="2020-12-31T18:17:09Z" name="no_PasswordTest" finished-at="2020-12-31T18:17:10Z" duration-ms="425" status="PASS">
          <reporter-output>
          </reporter-output>
        </test-method> <!-- no_PasswordTest -->
        <test-method signature="invalid_PasswordTest()[pri:3, instance:tests.test_Login_Invalid@13c10b87]" started-at="2020-12-31T18:17:10Z" name="invalid_PasswordTest" finished-at="2020-12-31T18:17:11Z" duration-ms="1007" status="PASS">
          <reporter-output>
          </reporter-output>
        </test-method> <!-- invalid_PasswordTest -->
        <test-method signature="forgot_PasswordSubmitTest()[pri:4, instance:tests.test_Login_Invalid@13c10b87]" started-at="2020-12-31T18:17:11Z" name="forgot_PasswordSubmitTest" finished-at="2020-12-31T18:17:12Z" duration-ms="1057" status="PASS">
          <reporter-output>
          </reporter-output>
        </test-method> <!-- forgot_PasswordSubmitTest -->
        <test-method signature="forgot_PasswordCancelTest()[pri:5, instance:tests.test_Login_Invalid@13c10b87]" started-at="2020-12-31T18:17:12Z" name="forgot_PasswordCancelTest" finished-at="2020-12-31T18:17:12Z" duration-ms="612" status="PASS">
          <reporter-output>
          </reporter-output>
        </test-method> <!-- forgot_PasswordCancelTest -->
        <test-method is-config="true" signature="TearDown()[pri:0, instance:tests.test_Login_Invalid@13c10b87]" started-at="2020-12-31T18:17:13Z" name="TearDown" finished-at="2020-12-31T18:17:13Z" duration-ms="902" status="PASS">
          <reporter-output>
          </reporter-output>
        </test-method> <!-- TearDown -->
      </class> <!-- tests.test_Login_Invalid -->
    </test> <!-- Test2 -->
  </suite> <!-- Tests_Login -->
</testng-results>
